0 info it worked if it ends with ok
1 verbose cli [ '/usr/bin/nodejs', '/usr/bin/npm', 'run', 'deps' ]
2 info using npm@3.10.10
3 info using node@v6.10.2
4 verbose run-script [ 'predeps', 'deps', 'postdeps' ]
5 info lifecycle anypoint-validatable-behavior@0.0.1~predeps: anypoint-validatable-behavior@0.0.1
6 silly lifecycle anypoint-validatable-behavior@0.0.1~predeps: no script for predeps, continuing
7 info lifecycle anypoint-validatable-behavior@0.0.1~deps: anypoint-validatable-behavior@0.0.1
8 verbose lifecycle anypoint-validatable-behavior@0.0.1~deps: unsafe-perm in lifecycle true
9 verbose lifecycle anypoint-validatable-behavior@0.0.1~deps: PATH: /usr/lib/node_modules/npm/bin/node-gyp-bin:/home/jarrod/workspace/anypoint-web-components/anypoint-validatable-behavior/node_modules/.bin:/home/jarrod/sdk/google-cloud-sdk/bin:/home/jarrod/bin:/home/jarrod/.local/bin:/home/jarrod/sdk/apache-maven-3.3.9/bin:/usr/local/sbin:/usr/local/bin:/usr/sbin:/usr/bin:/sbin:/bin:/usr/games:/usr/local/games:/snap/bin
10 verbose lifecycle anypoint-validatable-behavior@0.0.1~deps: CWD: /home/jarrod/workspace/anypoint-web-components/anypoint-validatable-behavior
11 silly lifecycle anypoint-validatable-behavior@0.0.1~deps: Args: [ '-c', 'npm install --quiet && bower install --quiet' ]
12 silly lifecycle anypoint-validatable-behavior@0.0.1~deps: Returned: code: 1  signal: null
13 info lifecycle anypoint-validatable-behavior@0.0.1~deps: Failed to exec deps script
14 verbose stack Error: anypoint-validatable-behavior@0.0.1 deps: `npm install --quiet && bower install --quiet`
14 verbose stack Exit status 1
14 verbose stack     at EventEmitter.<anonymous> (/usr/lib/node_modules/npm/lib/utils/lifecycle.js:255:16)
14 verbose stack     at emitTwo (events.js:106:13)
14 verbose stack     at EventEmitter.emit (events.js:191:7)
14 verbose stack     at ChildProcess.<anonymous> (/usr/lib/node_modules/npm/lib/utils/spawn.js:40:14)
14 verbose stack     at emitTwo (events.js:106:13)
14 verbose stack     at ChildProcess.emit (events.js:191:7)
14 verbose stack     at maybeClose (internal/child_process.js:886:16)
14 verbose stack     at Process.ChildProcess._handle.onexit (internal/child_process.js:226:5)
15 verbose pkgid anypoint-validatable-behavior@0.0.1
16 verbose cwd /home/jarrod/workspace/anypoint-web-components/anypoint-validatable-behavior
17 error Linux 4.4.0-72-generic
18 error argv "/usr/bin/nodejs" "/usr/bin/npm" "run" "deps"
19 error node v6.10.2
20 error npm  v3.10.10
21 error code ELIFECYCLE
22 error anypoint-validatable-behavior@0.0.1 deps: `npm install --quiet && bower install --quiet`
22 error Exit status 1
23 error Failed at the anypoint-validatable-behavior@0.0.1 deps script 'npm install --quiet && bower install --quiet'.
23 error Make sure you have the latest version of node.js and npm installed.
23 error If you do, this is most likely a problem with the anypoint-validatable-behavior package,
23 error not with npm itself.
23 error Tell the author that this fails on your system:
23 error     npm install --quiet && bower install --quiet
23 error You can get information on how to open an issue for this project with:
23 error     npm bugs anypoint-validatable-behavior
23 error Or if that isn't available, you can get their info via:
23 error     npm owner ls anypoint-validatable-behavior
23 error There is likely additional logging output above.
24 verbose exit [ 1, true ]
